{"C:\\Users\\Jonathan\\304CEM-API\\Public\\auth.js":{"path":"C:\\Users\\Jonathan\\304CEM-API\\Public\\auth.js","s":{"1":1,"2":1,"3":1,"4":1,"5":4,"6":4,"7":4,"8":4,"9":0,"10":4,"11":3,"12":1,"13":1,"14":4,"15":4,"16":4,"17":4,"18":4,"19":0,"20":4,"21":2,"22":2,"23":1,"24":1,"25":1,"26":2,"27":2,"28":2,"29":2,"30":0,"31":2,"32":2,"33":2,"34":2,"35":0,"36":2,"37":1,"38":1,"39":1,"40":1,"41":1,"42":0,"43":1},"b":{"1":[0,4],"2":[3,1],"3":[0,4],"4":[2,2],"5":[1,1],"6":[0,2],"7":[0,2],"8":[1,1],"9":[0,1]},"f":{"1":2},"fnMap":{"1":{"name":"(anonymous_1)","line":54,"loc":{"start":{"line":54,"column":32},"end":{"line":54,"column":54}}}},"statementMap":{"1":{"start":{"line":3,"column":0},"end":{"line":3,"column":28}},"2":{"start":{"line":4,"column":0},"end":{"line":4,"column":32}},"3":{"start":{"line":8,"column":0},"end":{"line":15,"column":2}},"4":{"start":{"line":17,"column":0},"end":{"line":30,"column":3}},"5":{"start":{"line":18,"column":1},"end":{"line":30,"column":3}},"6":{"start":{"line":19,"column":2},"end":{"line":19,"column":69}},"7":{"start":{"line":20,"column":2},"end":{"line":29,"column":4}},"8":{"start":{"line":21,"column":3},"end":{"line":23,"column":4}},"9":{"start":{"line":22,"column":4},"end":{"line":22,"column":15}},"10":{"start":{"line":24,"column":3},"end":{"line":28,"column":4}},"11":{"start":{"line":25,"column":4},"end":{"line":25,"column":30}},"12":{"start":{"line":27,"column":4},"end":{"line":27,"column":19}},"13":{"start":{"line":32,"column":0},"end":{"line":49,"column":2}},"14":{"start":{"line":33,"column":0},"end":{"line":49,"column":2}},"15":{"start":{"line":34,"column":1},"end":{"line":34,"column":31}},"16":{"start":{"line":35,"column":1},"end":{"line":35,"column":70}},"17":{"start":{"line":36,"column":1},"end":{"line":48,"column":3}},"18":{"start":{"line":37,"column":2},"end":{"line":39,"column":3}},"19":{"start":{"line":38,"column":3},"end":{"line":38,"column":14}},"20":{"start":{"line":39,"column":4},"end":{"line":47,"column":3}},"21":{"start":{"line":40,"column":3},"end":{"line":40,"column":29}},"22":{"start":{"line":42,"column":4},"end":{"line":46,"column":4}},"23":{"start":{"line":43,"column":4},"end":{"line":43,"column":30}},"24":{"start":{"line":45,"column":4},"end":{"line":45,"column":13}},"25":{"start":{"line":51,"column":0},"end":{"line":81,"column":2}},"26":{"start":{"line":52,"column":0},"end":{"line":81,"column":2}},"27":{"start":{"line":53,"column":1},"end":{"line":53,"column":22}},"28":{"start":{"line":54,"column":1},"end":{"line":80,"column":3}},"29":{"start":{"line":55,"column":2},"end":{"line":79,"column":3}},"30":{"start":{"line":56,"column":3},"end":{"line":56,"column":14}},"31":{"start":{"line":58,"column":3},"end":{"line":58,"column":41}},"32":{"start":{"line":59,"column":3},"end":{"line":59,"column":84}},"33":{"start":{"line":60,"column":3},"end":{"line":78,"column":5}},"34":{"start":{"line":61,"column":4},"end":{"line":63,"column":5}},"35":{"start":{"line":62,"column":5},"end":{"line":62,"column":16}},"36":{"start":{"line":64,"column":4},"end":{"line":77,"column":5}},"37":{"start":{"line":65,"column":5},"end":{"line":65,"column":28}},"38":{"start":{"line":68,"column":5},"end":{"line":68,"column":40}},"39":{"start":{"line":69,"column":5},"end":{"line":69,"column":96}},"40":{"start":{"line":70,"column":5},"end":{"line":76,"column":7}},"41":{"start":{"line":71,"column":6},"end":{"line":75,"column":7}},"42":{"start":{"line":72,"column":7},"end":{"line":72,"column":18}},"43":{"start":{"line":74,"column":7},"end":{"line":74,"column":35}}},"branchMap":{"1":{"line":21,"type":"if","locations":[{"start":{"line":21,"column":3},"end":{"line":21,"column":3}},{"start":{"line":21,"column":3},"end":{"line":21,"column":3}}]},"2":{"line":24,"type":"if","locations":[{"start":{"line":24,"column":3},"end":{"line":24,"column":3}},{"start":{"line":24,"column":3},"end":{"line":24,"column":3}}]},"3":{"line":37,"type":"if","locations":[{"start":{"line":37,"column":2},"end":{"line":37,"column":2}},{"start":{"line":37,"column":2},"end":{"line":37,"column":2}}]},"4":{"line":39,"type":"if","locations":[{"start":{"line":39,"column":4},"end":{"line":39,"column":4}},{"start":{"line":39,"column":4},"end":{"line":39,"column":4}}]},"5":{"line":42,"type":"if","locations":[{"start":{"line":42,"column":4},"end":{"line":42,"column":4}},{"start":{"line":42,"column":4},"end":{"line":42,"column":4}}]},"6":{"line":55,"type":"if","locations":[{"start":{"line":55,"column":2},"end":{"line":55,"column":2}},{"start":{"line":55,"column":2},"end":{"line":55,"column":2}}]},"7":{"line":61,"type":"if","locations":[{"start":{"line":61,"column":4},"end":{"line":61,"column":4}},{"start":{"line":61,"column":4},"end":{"line":61,"column":4}}]},"8":{"line":64,"type":"if","locations":[{"start":{"line":64,"column":4},"end":{"line":64,"column":4}},{"start":{"line":64,"column":4},"end":{"line":64,"column":4}}]},"9":{"line":71,"type":"if","locations":[{"start":{"line":71,"column":6},"end":{"line":71,"column":6}},{"start":{"line":71,"column":6},"end":{"line":71,"column":6}}]}}},"C:\\Users\\Jonathan\\304CEM-API\\Public\\FatSecret API - Nutrition.js":{"path":"C:\\Users\\Jonathan\\304CEM-API\\Public\\FatSecret API - Nutrition.js","s":{"1":1,"2":1,"3":1,"4":1,"5":1,"6":1,"7":2,"8":2,"9":2,"10":2,"11":2,"12":18,"13":2,"14":2,"15":2,"16":2,"17":2,"18":1,"19":1,"20":1,"21":1,"22":1},"b":{},"f":{"1":1},"fnMap":{"1":{"name":"(anonymous_1)","line":79,"loc":{"start":{"line":79,"column":21},"end":{"line":79,"column":36}}}},"statementMap":{"1":{"start":{"line":3,"column":0},"end":{"line":3,"column":49}},"2":{"start":{"line":4,"column":0},"end":{"line":4,"column":61}},"3":{"start":{"line":5,"column":0},"end":{"line":5,"column":62}},"4":{"start":{"line":6,"column":0},"end":{"line":6,"column":32}},"5":{"start":{"line":7,"column":0},"end":{"line":7,"column":31}},"6":{"start":{"line":16,"column":0},"end":{"line":68,"column":1}},"7":{"start":{"line":18,"column":1},"end":{"line":18,"column":22}},"8":{"start":{"line":26,"column":1},"end":{"line":36,"column":2}},"9":{"start":{"line":39,"column":1},"end":{"line":39,"column":37}},"10":{"start":{"line":44,"column":1},"end":{"line":44,"column":19}},"11":{"start":{"line":46,"column":1},"end":{"line":48,"column":2}},"12":{"start":{"line":47,"column":2},"end":{"line":47,"column":43}},"13":{"start":{"line":52,"column":1},"end":{"line":52,"column":32}},"14":{"start":{"line":56,"column":1},"end":{"line":56,"column":96}},"15":{"start":{"line":61,"column":1},"end":{"line":61,"column":101}},"16":{"start":{"line":65,"column":1},"end":{"line":65,"column":37}},"17":{"start":{"line":67,"column":1},"end":{"line":67,"column":17}},"18":{"start":{"line":74,"column":0},"end":{"line":83,"column":1}},"19":{"start":{"line":75,"column":1},"end":{"line":75,"column":29}},"20":{"start":{"line":76,"column":1},"end":{"line":82,"column":3}},"21":{"start":{"line":77,"column":2},"end":{"line":81,"column":4}},"22":{"start":{"line":80,"column":3},"end":{"line":80,"column":16}}},"branchMap":{}},"C:\\Users\\Jonathan\\304CEM-API\\Public\\Favourites.js":{"path":"C:\\Users\\Jonathan\\304CEM-API\\Public\\Favourites.js","s":{"1":1,"2":1,"3":1,"4":1,"5":2,"6":2,"7":2,"8":2,"9":0,"10":2,"11":1,"12":1,"13":1,"14":2,"15":2,"16":2,"17":2,"18":0,"19":2,"20":22,"21":1,"22":2,"23":1,"24":1,"25":1,"26":1,"27":1,"28":0,"29":1,"30":1,"31":2,"32":2,"33":2,"34":2,"35":0,"36":2,"37":2,"38":18,"39":6,"40":2,"41":1,"42":1,"43":1,"44":1,"45":1,"46":1,"47":1,"48":1,"49":0,"50":1,"51":1,"52":2,"53":2,"54":2,"55":2,"56":2,"57":0,"58":0,"59":2,"60":18,"61":18,"62":2,"63":18,"64":18,"65":18,"66":0,"67":0,"68":18,"69":12,"70":18,"71":2,"72":1,"73":1,"74":1,"75":1,"76":1,"77":0,"78":1},"b":{"1":[0,2],"2":[1,1],"3":[0,2],"4":[1,21],"5":[0,1],"6":[0,2],"7":[6,12],"8":[1,1],"9":[0,1],"10":[0,2],"11":[0,18],"12":[0,1]},"f":{"1":2,"2":2,"3":1,"4":2,"5":1,"6":2,"7":18,"8":18,"9":2,"10":1},"fnMap":{"1":{"name":"(anonymous_1)","line":20,"loc":{"start":{"line":20,"column":26},"end":{"line":20,"column":48}}},"2":{"name":"(anonymous_2)","line":34,"loc":{"start":{"line":34,"column":28},"end":{"line":34,"column":50}}},"3":{"name":"(anonymous_3)","line":50,"loc":{"start":{"line":50,"column":20},"end":{"line":50,"column":34}}},"4":{"name":"(anonymous_4)","line":63,"loc":{"start":{"line":63,"column":26},"end":{"line":63,"column":48}}},"5":{"name":"(anonymous_5)","line":86,"loc":{"start":{"line":86,"column":20},"end":{"line":86,"column":34}}},"6":{"name":"(anonymous_6)","line":103,"loc":{"start":{"line":103,"column":20},"end":{"line":103,"column":41}}},"7":{"name":"(anonymous_7)","line":112,"loc":{"start":{"line":112,"column":33},"end":{"line":112,"column":61}}},"8":{"name":"(anonymous_8)","line":114,"loc":{"start":{"line":114,"column":26},"end":{"line":114,"column":48}}},"9":{"name":"(anonymous_9)","line":125,"loc":{"start":{"line":125,"column":7},"end":{"line":125,"column":18}}},"10":{"name":"(anonymous_10)","line":135,"loc":{"start":{"line":135,"column":20},"end":{"line":135,"column":33}}}},"statementMap":{"1":{"start":{"line":3,"column":0},"end":{"line":3,"column":28}},"2":{"start":{"line":4,"column":0},"end":{"line":4,"column":29}},"3":{"start":{"line":8,"column":0},"end":{"line":15,"column":2}},"4":{"start":{"line":17,"column":0},"end":{"line":29,"column":5}},"5":{"start":{"line":18,"column":3},"end":{"line":29,"column":5}},"6":{"start":{"line":19,"column":4},"end":{"line":19,"column":78}},"7":{"start":{"line":20,"column":4},"end":{"line":28,"column":6}},"8":{"start":{"line":21,"column":5},"end":{"line":23,"column":6}},"9":{"start":{"line":22,"column":6},"end":{"line":22,"column":17}},"10":{"start":{"line":23,"column":7},"end":{"line":27,"column":6}},"11":{"start":{"line":24,"column":6},"end":{"line":24,"column":32}},"12":{"start":{"line":26,"column":6},"end":{"line":26,"column":32}},"13":{"start":{"line":31,"column":0},"end":{"line":45,"column":4}},"14":{"start":{"line":32,"column":2},"end":{"line":45,"column":4}},"15":{"start":{"line":33,"column":3},"end":{"line":33,"column":87}},"16":{"start":{"line":34,"column":3},"end":{"line":44,"column":5}},"17":{"start":{"line":35,"column":4},"end":{"line":37,"column":5}},"18":{"start":{"line":36,"column":5},"end":{"line":36,"column":16}},"19":{"start":{"line":38,"column":4},"end":{"line":42,"column":5}},"20":{"start":{"line":39,"column":5},"end":{"line":41,"column":5}},"21":{"start":{"line":40,"column":6},"end":{"line":40,"column":34}},"22":{"start":{"line":43,"column":4},"end":{"line":43,"column":13}},"23":{"start":{"line":47,"column":0},"end":{"line":57,"column":3}},"24":{"start":{"line":48,"column":1},"end":{"line":57,"column":3}},"25":{"start":{"line":49,"column":2},"end":{"line":49,"column":245}},"26":{"start":{"line":50,"column":2},"end":{"line":56,"column":4}},"27":{"start":{"line":51,"column":3},"end":{"line":55,"column":4}},"28":{"start":{"line":52,"column":4},"end":{"line":52,"column":15}},"29":{"start":{"line":54,"column":4},"end":{"line":54,"column":35}},"30":{"start":{"line":60,"column":0},"end":{"line":79,"column":2}},"31":{"start":{"line":61,"column":0},"end":{"line":79,"column":2}},"32":{"start":{"line":62,"column":1},"end":{"line":62,"column":59}},"33":{"start":{"line":63,"column":1},"end":{"line":78,"column":3}},"34":{"start":{"line":64,"column":2},"end":{"line":66,"column":3}},"35":{"start":{"line":65,"column":3},"end":{"line":65,"column":19}},"36":{"start":{"line":67,"column":2},"end":{"line":67,"column":19}},"37":{"start":{"line":68,"column":2},"end":{"line":72,"column":3}},"38":{"start":{"line":69,"column":3},"end":{"line":71,"column":4}},"39":{"start":{"line":70,"column":4},"end":{"line":70,"column":16}},"40":{"start":{"line":73,"column":2},"end":{"line":77,"column":3}},"41":{"start":{"line":74,"column":3},"end":{"line":74,"column":32}},"42":{"start":{"line":76,"column":3},"end":{"line":76,"column":12}},"43":{"start":{"line":81,"column":0},"end":{"line":94,"column":2}},"44":{"start":{"line":82,"column":0},"end":{"line":94,"column":2}},"45":{"start":{"line":83,"column":1},"end":{"line":93,"column":2}},"46":{"start":{"line":84,"column":2},"end":{"line":85,"column":42}},"47":{"start":{"line":86,"column":2},"end":{"line":92,"column":4}},"48":{"start":{"line":87,"column":3},"end":{"line":91,"column":4}},"49":{"start":{"line":88,"column":4},"end":{"line":88,"column":15}},"50":{"start":{"line":90,"column":4},"end":{"line":90,"column":34}},"51":{"start":{"line":96,"column":0},"end":{"line":130,"column":3}},"52":{"start":{"line":97,"column":1},"end":{"line":130,"column":3}},"53":{"start":{"line":98,"column":2},"end":{"line":101,"column":3}},"54":{"start":{"line":102,"column":2},"end":{"line":102,"column":79}},"55":{"start":{"line":103,"column":2},"end":{"line":129,"column":4}},"56":{"start":{"line":104,"column":3},"end":{"line":128,"column":4}},"57":{"start":{"line":105,"column":4},"end":{"line":105,"column":12}},"58":{"start":{"line":106,"column":4},"end":{"line":106,"column":20}},"59":{"start":{"line":108,"column":4},"end":{"line":111,"column":5}},"60":{"start":{"line":109,"column":5},"end":{"line":109,"column":31}},"61":{"start":{"line":110,"column":5},"end":{"line":110,"column":46}},"62":{"start":{"line":112,"column":4},"end":{"line":127,"column":6}},"63":{"start":{"line":113,"column":5},"end":{"line":113,"column":121}},"64":{"start":{"line":114,"column":5},"end":{"line":124,"column":7}},"65":{"start":{"line":115,"column":6},"end":{"line":123,"column":7}},"66":{"start":{"line":116,"column":7},"end":{"line":116,"column":31}},"67":{"start":{"line":117,"column":7},"end":{"line":117,"column":23}},"68":{"start":{"line":119,"column":7},"end":{"line":121,"column":8}},"69":{"start":{"line":120,"column":8},"end":{"line":120,"column":77}},"70":{"start":{"line":122,"column":7},"end":{"line":122,"column":17}},"71":{"start":{"line":126,"column":5},"end":{"line":126,"column":20}},"72":{"start":{"line":132,"column":0},"end":{"line":142,"column":3}},"73":{"start":{"line":133,"column":1},"end":{"line":142,"column":3}},"74":{"start":{"line":134,"column":2},"end":{"line":134,"column":97}},"75":{"start":{"line":135,"column":2},"end":{"line":141,"column":4}},"76":{"start":{"line":136,"column":3},"end":{"line":140,"column":4}},"77":{"start":{"line":137,"column":4},"end":{"line":137,"column":15}},"78":{"start":{"line":139,"column":4},"end":{"line":139,"column":62}}},"branchMap":{"1":{"line":21,"type":"if","locations":[{"start":{"line":21,"column":5},"end":{"line":21,"column":5}},{"start":{"line":21,"column":5},"end":{"line":21,"column":5}}]},"2":{"line":23,"type":"if","locations":[{"start":{"line":23,"column":7},"end":{"line":23,"column":7}},{"start":{"line":23,"column":7},"end":{"line":23,"column":7}}]},"3":{"line":35,"type":"if","locations":[{"start":{"line":35,"column":4},"end":{"line":35,"column":4}},{"start":{"line":35,"column":4},"end":{"line":35,"column":4}}]},"4":{"line":39,"type":"if","locations":[{"start":{"line":39,"column":5},"end":{"line":39,"column":5}},{"start":{"line":39,"column":5},"end":{"line":39,"column":5}}]},"5":{"line":51,"type":"if","locations":[{"start":{"line":51,"column":3},"end":{"line":51,"column":3}},{"start":{"line":51,"column":3},"end":{"line":51,"column":3}}]},"6":{"line":64,"type":"if","locations":[{"start":{"line":64,"column":2},"end":{"line":64,"column":2}},{"start":{"line":64,"column":2},"end":{"line":64,"column":2}}]},"7":{"line":69,"type":"if","locations":[{"start":{"line":69,"column":3},"end":{"line":69,"column":3}},{"start":{"line":69,"column":3},"end":{"line":69,"column":3}}]},"8":{"line":73,"type":"if","locations":[{"start":{"line":73,"column":2},"end":{"line":73,"column":2}},{"start":{"line":73,"column":2},"end":{"line":73,"column":2}}]},"9":{"line":87,"type":"if","locations":[{"start":{"line":87,"column":3},"end":{"line":87,"column":3}},{"start":{"line":87,"column":3},"end":{"line":87,"column":3}}]},"10":{"line":104,"type":"if","locations":[{"start":{"line":104,"column":3},"end":{"line":104,"column":3}},{"start":{"line":104,"column":3},"end":{"line":104,"column":3}}]},"11":{"line":115,"type":"if","locations":[{"start":{"line":115,"column":6},"end":{"line":115,"column":6}},{"start":{"line":115,"column":6},"end":{"line":115,"column":6}}]},"12":{"line":136,"type":"if","locations":[{"start":{"line":136,"column":3},"end":{"line":136,"column":3}},{"start":{"line":136,"column":3},"end":{"line":136,"column":3}}]}}},"C:\\Users\\Jonathan\\304CEM-API\\Public\\Spoonacular API - Recipes.js":{"path":"C:\\Users\\Jonathan\\304CEM-API\\Public\\Spoonacular API - Recipes.js","s":{"1":1,"2":1,"3":1,"4":2,"5":2,"6":2,"7":2,"8":10,"9":2,"10":2,"11":2,"12":1,"13":1,"14":1,"15":1,"16":1,"17":1,"18":1,"19":1,"20":1,"21":1},"b":{},"f":{"1":1,"2":1},"fnMap":{"1":{"name":"(anonymous_1)","line":50,"loc":{"start":{"line":50,"column":21},"end":{"line":50,"column":36}}},"2":{"name":"(anonymous_2)","line":66,"loc":{"start":{"line":66,"column":20},"end":{"line":66,"column":35}}}},"statementMap":{"1":{"start":{"line":3,"column":0},"end":{"line":3,"column":32}},"2":{"start":{"line":4,"column":0},"end":{"line":4,"column":84}},"3":{"start":{"line":14,"column":0},"end":{"line":38,"column":1}},"4":{"start":{"line":17,"column":1},"end":{"line":23,"column":2}},"5":{"start":{"line":25,"column":1},"end":{"line":25,"column":35}},"6":{"start":{"line":27,"column":1},"end":{"line":27,"column":19}},"7":{"start":{"line":29,"column":1},"end":{"line":31,"column":2}},"8":{"start":{"line":30,"column":2},"end":{"line":30,"column":43}},"9":{"start":{"line":33,"column":1},"end":{"line":33,"column":32}},"10":{"start":{"line":35,"column":1},"end":{"line":35,"column":61}},"11":{"start":{"line":37,"column":1},"end":{"line":37,"column":18}},"12":{"start":{"line":42,"column":0},"end":{"line":54,"column":1}},"13":{"start":{"line":43,"column":1},"end":{"line":43,"column":40}},"14":{"start":{"line":44,"column":1},"end":{"line":53,"column":3}},"15":{"start":{"line":45,"column":2},"end":{"line":52,"column":4}},"16":{"start":{"line":51,"column":3},"end":{"line":51,"column":16}},"17":{"start":{"line":58,"column":0},"end":{"line":70,"column":1}},"18":{"start":{"line":59,"column":1},"end":{"line":59,"column":73}},"19":{"start":{"line":60,"column":1},"end":{"line":69,"column":3}},"20":{"start":{"line":61,"column":2},"end":{"line":68,"column":4}},"21":{"start":{"line":67,"column":3},"end":{"line":67,"column":16}}},"branchMap":{}}}