{"C:\\Users\\Jonathan\\304CEM-API\\Public\\auth.js":{"path":"C:\\Users\\Jonathan\\304CEM-API\\Public\\auth.js","s":{"1":1,"2":1,"3":1,"4":1,"5":5,"6":5,"7":5,"8":5,"9":0,"10":5,"11":3,"12":2,"13":1,"14":5,"15":5,"16":5,"17":5,"18":5,"19":0,"20":5,"21":2,"22":3,"23":1,"24":2,"25":1,"26":3,"27":3,"28":3,"29":3,"30":0,"31":3,"32":3,"33":3,"34":3,"35":0,"36":3,"37":1,"38":2,"39":2,"40":2,"41":2,"42":0,"43":2},"b":{"1":[0,5],"2":[3,2],"3":[0,5],"4":[2,3],"5":[1,2],"6":[0,3],"7":[0,3],"8":[1,2],"9":[0,2]},"f":{"1":3},"fnMap":{"1":{"name":"(anonymous_1)","line":72,"loc":{"start":{"line":72,"column":32},"end":{"line":72,"column":54}}}},"statementMap":{"1":{"start":{"line":3,"column":0},"end":{"line":3,"column":28}},"2":{"start":{"line":4,"column":0},"end":{"line":4,"column":32}},"3":{"start":{"line":8,"column":0},"end":{"line":15,"column":2}},"4":{"start":{"line":22,"column":0},"end":{"line":35,"column":3}},"5":{"start":{"line":23,"column":1},"end":{"line":35,"column":3}},"6":{"start":{"line":24,"column":2},"end":{"line":24,"column":69}},"7":{"start":{"line":25,"column":2},"end":{"line":34,"column":4}},"8":{"start":{"line":26,"column":3},"end":{"line":28,"column":4}},"9":{"start":{"line":27,"column":4},"end":{"line":27,"column":15}},"10":{"start":{"line":29,"column":3},"end":{"line":33,"column":4}},"11":{"start":{"line":30,"column":4},"end":{"line":30,"column":30}},"12":{"start":{"line":32,"column":4},"end":{"line":32,"column":19}},"13":{"start":{"line":44,"column":0},"end":{"line":61,"column":2}},"14":{"start":{"line":45,"column":0},"end":{"line":61,"column":2}},"15":{"start":{"line":46,"column":1},"end":{"line":46,"column":31}},"16":{"start":{"line":47,"column":1},"end":{"line":47,"column":70}},"17":{"start":{"line":48,"column":1},"end":{"line":60,"column":3}},"18":{"start":{"line":49,"column":2},"end":{"line":51,"column":3}},"19":{"start":{"line":50,"column":3},"end":{"line":50,"column":14}},"20":{"start":{"line":51,"column":4},"end":{"line":59,"column":3}},"21":{"start":{"line":52,"column":3},"end":{"line":52,"column":29}},"22":{"start":{"line":54,"column":4},"end":{"line":58,"column":4}},"23":{"start":{"line":55,"column":4},"end":{"line":55,"column":30}},"24":{"start":{"line":57,"column":4},"end":{"line":57,"column":13}},"25":{"start":{"line":69,"column":0},"end":{"line":98,"column":2}},"26":{"start":{"line":70,"column":0},"end":{"line":98,"column":2}},"27":{"start":{"line":71,"column":1},"end":{"line":71,"column":22}},"28":{"start":{"line":72,"column":1},"end":{"line":97,"column":3}},"29":{"start":{"line":73,"column":2},"end":{"line":96,"column":3}},"30":{"start":{"line":74,"column":3},"end":{"line":74,"column":14}},"31":{"start":{"line":76,"column":3},"end":{"line":76,"column":41}},"32":{"start":{"line":77,"column":3},"end":{"line":77,"column":84}},"33":{"start":{"line":78,"column":3},"end":{"line":95,"column":5}},"34":{"start":{"line":79,"column":4},"end":{"line":81,"column":5}},"35":{"start":{"line":80,"column":5},"end":{"line":80,"column":16}},"36":{"start":{"line":82,"column":4},"end":{"line":94,"column":5}},"37":{"start":{"line":83,"column":5},"end":{"line":83,"column":28}},"38":{"start":{"line":85,"column":5},"end":{"line":85,"column":40}},"39":{"start":{"line":86,"column":5},"end":{"line":86,"column":96}},"40":{"start":{"line":87,"column":5},"end":{"line":93,"column":7}},"41":{"start":{"line":88,"column":6},"end":{"line":92,"column":7}},"42":{"start":{"line":89,"column":7},"end":{"line":89,"column":18}},"43":{"start":{"line":91,"column":7},"end":{"line":91,"column":35}}},"branchMap":{"1":{"line":26,"type":"if","locations":[{"start":{"line":26,"column":3},"end":{"line":26,"column":3}},{"start":{"line":26,"column":3},"end":{"line":26,"column":3}}]},"2":{"line":29,"type":"if","locations":[{"start":{"line":29,"column":3},"end":{"line":29,"column":3}},{"start":{"line":29,"column":3},"end":{"line":29,"column":3}}]},"3":{"line":49,"type":"if","locations":[{"start":{"line":49,"column":2},"end":{"line":49,"column":2}},{"start":{"line":49,"column":2},"end":{"line":49,"column":2}}]},"4":{"line":51,"type":"if","locations":[{"start":{"line":51,"column":4},"end":{"line":51,"column":4}},{"start":{"line":51,"column":4},"end":{"line":51,"column":4}}]},"5":{"line":54,"type":"if","locations":[{"start":{"line":54,"column":4},"end":{"line":54,"column":4}},{"start":{"line":54,"column":4},"end":{"line":54,"column":4}}]},"6":{"line":73,"type":"if","locations":[{"start":{"line":73,"column":2},"end":{"line":73,"column":2}},{"start":{"line":73,"column":2},"end":{"line":73,"column":2}}]},"7":{"line":79,"type":"if","locations":[{"start":{"line":79,"column":4},"end":{"line":79,"column":4}},{"start":{"line":79,"column":4},"end":{"line":79,"column":4}}]},"8":{"line":82,"type":"if","locations":[{"start":{"line":82,"column":4},"end":{"line":82,"column":4}},{"start":{"line":82,"column":4},"end":{"line":82,"column":4}}]},"9":{"line":88,"type":"if","locations":[{"start":{"line":88,"column":6},"end":{"line":88,"column":6}},{"start":{"line":88,"column":6},"end":{"line":88,"column":6}}]}}},"C:\\Users\\Jonathan\\304CEM-API\\Public\\FatSecret API - Nutrition.js":{"path":"C:\\Users\\Jonathan\\304CEM-API\\Public\\FatSecret API - Nutrition.js","s":{"1":1,"2":1,"3":1,"4":1,"5":1,"6":1,"7":3,"8":3,"9":3,"10":3,"11":3,"12":27,"13":3,"14":3,"15":3,"16":3,"17":3,"18":1,"19":2,"20":2,"21":2,"22":2},"b":{},"f":{"1":2},"fnMap":{"1":{"name":"(anonymous_1)","line":84,"loc":{"start":{"line":84,"column":21},"end":{"line":84,"column":36}}}},"statementMap":{"1":{"start":{"line":3,"column":0},"end":{"line":3,"column":49}},"2":{"start":{"line":4,"column":0},"end":{"line":4,"column":61}},"3":{"start":{"line":5,"column":0},"end":{"line":5,"column":62}},"4":{"start":{"line":6,"column":0},"end":{"line":6,"column":32}},"5":{"start":{"line":7,"column":0},"end":{"line":7,"column":31}},"6":{"start":{"line":16,"column":0},"end":{"line":68,"column":1}},"7":{"start":{"line":18,"column":1},"end":{"line":18,"column":22}},"8":{"start":{"line":26,"column":1},"end":{"line":36,"column":2}},"9":{"start":{"line":39,"column":1},"end":{"line":39,"column":37}},"10":{"start":{"line":44,"column":1},"end":{"line":44,"column":19}},"11":{"start":{"line":46,"column":1},"end":{"line":48,"column":2}},"12":{"start":{"line":47,"column":2},"end":{"line":47,"column":43}},"13":{"start":{"line":52,"column":1},"end":{"line":52,"column":32}},"14":{"start":{"line":56,"column":1},"end":{"line":56,"column":96}},"15":{"start":{"line":61,"column":1},"end":{"line":61,"column":101}},"16":{"start":{"line":65,"column":1},"end":{"line":65,"column":37}},"17":{"start":{"line":67,"column":1},"end":{"line":67,"column":17}},"18":{"start":{"line":79,"column":0},"end":{"line":88,"column":1}},"19":{"start":{"line":80,"column":1},"end":{"line":80,"column":29}},"20":{"start":{"line":81,"column":1},"end":{"line":87,"column":3}},"21":{"start":{"line":82,"column":2},"end":{"line":86,"column":4}},"22":{"start":{"line":85,"column":3},"end":{"line":85,"column":16}}},"branchMap":{}},"C:\\Users\\Jonathan\\304CEM-API\\Public\\Favourites.js":{"path":"C:\\Users\\Jonathan\\304CEM-API\\Public\\Favourites.js","s":{"1":1,"2":1,"3":1,"4":1,"5":6,"6":6,"7":6,"8":6,"9":0,"10":6,"11":1,"12":5,"13":1,"14":3,"15":3,"16":3,"17":3,"18":0,"19":3,"20":2,"21":1,"22":3,"23":1,"24":2,"25":2,"26":2,"27":2,"28":0,"29":2,"30":1,"31":3,"32":3,"33":3,"34":3,"35":0,"36":3,"37":3,"38":32,"39":6,"40":3,"41":1,"42":2,"43":1,"44":2,"45":2,"46":2,"47":2,"48":2,"49":0,"50":2,"51":1,"52":3,"53":3,"54":3,"55":3,"56":3,"57":0,"58":0,"59":3,"60":4,"61":4,"62":3,"63":4,"64":4,"65":4,"66":0,"67":0,"68":4,"69":12,"70":4,"71":3,"72":1,"73":2,"74":2,"75":2,"76":2,"77":0,"78":2,"79":1,"80":1,"81":1,"82":1,"83":1,"84":0,"85":1},"b":{"1":[0,6],"2":[1,5],"3":[0,3],"4":[1,1],"5":[0,2],"6":[0,3],"7":[6,26],"8":[1,2],"9":[0,2],"10":[0,3],"11":[0,4],"12":[0,2],"13":[0,1]},"f":{"1":6,"2":3,"3":2,"4":3,"5":2,"6":3,"7":4,"8":4,"9":3,"10":2,"11":1},"fnMap":{"1":{"name":"(anonymous_1)","line":25,"loc":{"start":{"line":25,"column":26},"end":{"line":25,"column":48}}},"2":{"name":"(anonymous_2)","line":45,"loc":{"start":{"line":45,"column":28},"end":{"line":45,"column":50}}},"3":{"name":"(anonymous_3)","line":68,"loc":{"start":{"line":68,"column":20},"end":{"line":68,"column":34}}},"4":{"name":"(anonymous_4)","line":85,"loc":{"start":{"line":85,"column":26},"end":{"line":85,"column":48}}},"5":{"name":"(anonymous_5)","line":114,"loc":{"start":{"line":114,"column":20},"end":{"line":114,"column":34}}},"6":{"name":"(anonymous_6)","line":136,"loc":{"start":{"line":136,"column":20},"end":{"line":136,"column":41}}},"7":{"name":"(anonymous_7)","line":145,"loc":{"start":{"line":145,"column":33},"end":{"line":145,"column":61}}},"8":{"name":"(anonymous_8)","line":147,"loc":{"start":{"line":147,"column":26},"end":{"line":147,"column":48}}},"9":{"name":"(anonymous_9)","line":158,"loc":{"start":{"line":158,"column":7},"end":{"line":158,"column":18}}},"10":{"name":"(anonymous_10)","line":174,"loc":{"start":{"line":174,"column":20},"end":{"line":174,"column":33}}},"11":{"name":"(anonymous_11)","line":191,"loc":{"start":{"line":191,"column":21},"end":{"line":191,"column":35}}}},"statementMap":{"1":{"start":{"line":3,"column":0},"end":{"line":3,"column":28}},"2":{"start":{"line":4,"column":0},"end":{"line":4,"column":29}},"3":{"start":{"line":8,"column":0},"end":{"line":15,"column":2}},"4":{"start":{"line":22,"column":0},"end":{"line":34,"column":5}},"5":{"start":{"line":23,"column":3},"end":{"line":34,"column":5}},"6":{"start":{"line":24,"column":4},"end":{"line":24,"column":78}},"7":{"start":{"line":25,"column":4},"end":{"line":33,"column":6}},"8":{"start":{"line":26,"column":5},"end":{"line":28,"column":6}},"9":{"start":{"line":27,"column":6},"end":{"line":27,"column":17}},"10":{"start":{"line":28,"column":7},"end":{"line":32,"column":6}},"11":{"start":{"line":29,"column":6},"end":{"line":29,"column":32}},"12":{"start":{"line":31,"column":6},"end":{"line":31,"column":32}},"13":{"start":{"line":42,"column":0},"end":{"line":56,"column":4}},"14":{"start":{"line":43,"column":2},"end":{"line":56,"column":4}},"15":{"start":{"line":44,"column":3},"end":{"line":44,"column":87}},"16":{"start":{"line":45,"column":3},"end":{"line":55,"column":5}},"17":{"start":{"line":46,"column":4},"end":{"line":48,"column":5}},"18":{"start":{"line":47,"column":5},"end":{"line":47,"column":16}},"19":{"start":{"line":49,"column":4},"end":{"line":53,"column":5}},"20":{"start":{"line":50,"column":5},"end":{"line":52,"column":6}},"21":{"start":{"line":51,"column":6},"end":{"line":51,"column":34}},"22":{"start":{"line":54,"column":4},"end":{"line":54,"column":13}},"23":{"start":{"line":65,"column":0},"end":{"line":75,"column":3}},"24":{"start":{"line":66,"column":1},"end":{"line":75,"column":3}},"25":{"start":{"line":67,"column":2},"end":{"line":67,"column":245}},"26":{"start":{"line":68,"column":2},"end":{"line":74,"column":4}},"27":{"start":{"line":69,"column":3},"end":{"line":73,"column":4}},"28":{"start":{"line":70,"column":4},"end":{"line":70,"column":15}},"29":{"start":{"line":72,"column":4},"end":{"line":72,"column":35}},"30":{"start":{"line":82,"column":0},"end":{"line":101,"column":2}},"31":{"start":{"line":83,"column":0},"end":{"line":101,"column":2}},"32":{"start":{"line":84,"column":1},"end":{"line":84,"column":59}},"33":{"start":{"line":85,"column":1},"end":{"line":100,"column":3}},"34":{"start":{"line":86,"column":2},"end":{"line":88,"column":3}},"35":{"start":{"line":87,"column":3},"end":{"line":87,"column":19}},"36":{"start":{"line":89,"column":2},"end":{"line":89,"column":19}},"37":{"start":{"line":90,"column":2},"end":{"line":94,"column":3}},"38":{"start":{"line":91,"column":3},"end":{"line":93,"column":4}},"39":{"start":{"line":92,"column":4},"end":{"line":92,"column":16}},"40":{"start":{"line":95,"column":2},"end":{"line":99,"column":3}},"41":{"start":{"line":96,"column":3},"end":{"line":96,"column":32}},"42":{"start":{"line":98,"column":3},"end":{"line":98,"column":12}},"43":{"start":{"line":109,"column":0},"end":{"line":122,"column":2}},"44":{"start":{"line":110,"column":0},"end":{"line":122,"column":2}},"45":{"start":{"line":111,"column":1},"end":{"line":121,"column":2}},"46":{"start":{"line":112,"column":2},"end":{"line":113,"column":42}},"47":{"start":{"line":114,"column":2},"end":{"line":120,"column":4}},"48":{"start":{"line":115,"column":3},"end":{"line":119,"column":4}},"49":{"start":{"line":116,"column":4},"end":{"line":116,"column":15}},"50":{"start":{"line":118,"column":4},"end":{"line":118,"column":34}},"51":{"start":{"line":129,"column":0},"end":{"line":163,"column":3}},"52":{"start":{"line":130,"column":1},"end":{"line":163,"column":3}},"53":{"start":{"line":131,"column":2},"end":{"line":134,"column":3}},"54":{"start":{"line":135,"column":2},"end":{"line":135,"column":79}},"55":{"start":{"line":136,"column":2},"end":{"line":162,"column":4}},"56":{"start":{"line":137,"column":3},"end":{"line":161,"column":4}},"57":{"start":{"line":138,"column":4},"end":{"line":138,"column":12}},"58":{"start":{"line":139,"column":4},"end":{"line":139,"column":20}},"59":{"start":{"line":141,"column":4},"end":{"line":144,"column":5}},"60":{"start":{"line":142,"column":5},"end":{"line":142,"column":31}},"61":{"start":{"line":143,"column":5},"end":{"line":143,"column":46}},"62":{"start":{"line":145,"column":4},"end":{"line":160,"column":6}},"63":{"start":{"line":146,"column":5},"end":{"line":146,"column":121}},"64":{"start":{"line":147,"column":5},"end":{"line":157,"column":7}},"65":{"start":{"line":148,"column":6},"end":{"line":156,"column":7}},"66":{"start":{"line":149,"column":7},"end":{"line":149,"column":31}},"67":{"start":{"line":150,"column":7},"end":{"line":150,"column":23}},"68":{"start":{"line":152,"column":7},"end":{"line":154,"column":8}},"69":{"start":{"line":153,"column":8},"end":{"line":153,"column":77}},"70":{"start":{"line":155,"column":7},"end":{"line":155,"column":17}},"71":{"start":{"line":159,"column":5},"end":{"line":159,"column":20}},"72":{"start":{"line":171,"column":0},"end":{"line":181,"column":3}},"73":{"start":{"line":172,"column":1},"end":{"line":181,"column":3}},"74":{"start":{"line":173,"column":2},"end":{"line":173,"column":97}},"75":{"start":{"line":174,"column":2},"end":{"line":180,"column":4}},"76":{"start":{"line":175,"column":3},"end":{"line":179,"column":4}},"77":{"start":{"line":176,"column":4},"end":{"line":176,"column":15}},"78":{"start":{"line":178,"column":4},"end":{"line":178,"column":62}},"79":{"start":{"line":188,"column":0},"end":{"line":198,"column":4}},"80":{"start":{"line":189,"column":2},"end":{"line":198,"column":4}},"81":{"start":{"line":190,"column":3},"end":{"line":190,"column":74}},"82":{"start":{"line":191,"column":3},"end":{"line":197,"column":5}},"83":{"start":{"line":192,"column":4},"end":{"line":196,"column":5}},"84":{"start":{"line":193,"column":5},"end":{"line":193,"column":16}},"85":{"start":{"line":195,"column":5},"end":{"line":195,"column":14}}},"branchMap":{"1":{"line":26,"type":"if","locations":[{"start":{"line":26,"column":5},"end":{"line":26,"column":5}},{"start":{"line":26,"column":5},"end":{"line":26,"column":5}}]},"2":{"line":28,"type":"if","locations":[{"start":{"line":28,"column":7},"end":{"line":28,"column":7}},{"start":{"line":28,"column":7},"end":{"line":28,"column":7}}]},"3":{"line":46,"type":"if","locations":[{"start":{"line":46,"column":4},"end":{"line":46,"column":4}},{"start":{"line":46,"column":4},"end":{"line":46,"column":4}}]},"4":{"line":50,"type":"if","locations":[{"start":{"line":50,"column":5},"end":{"line":50,"column":5}},{"start":{"line":50,"column":5},"end":{"line":50,"column":5}}]},"5":{"line":69,"type":"if","locations":[{"start":{"line":69,"column":3},"end":{"line":69,"column":3}},{"start":{"line":69,"column":3},"end":{"line":69,"column":3}}]},"6":{"line":86,"type":"if","locations":[{"start":{"line":86,"column":2},"end":{"line":86,"column":2}},{"start":{"line":86,"column":2},"end":{"line":86,"column":2}}]},"7":{"line":91,"type":"if","locations":[{"start":{"line":91,"column":3},"end":{"line":91,"column":3}},{"start":{"line":91,"column":3},"end":{"line":91,"column":3}}]},"8":{"line":95,"type":"if","locations":[{"start":{"line":95,"column":2},"end":{"line":95,"column":2}},{"start":{"line":95,"column":2},"end":{"line":95,"column":2}}]},"9":{"line":115,"type":"if","locations":[{"start":{"line":115,"column":3},"end":{"line":115,"column":3}},{"start":{"line":115,"column":3},"end":{"line":115,"column":3}}]},"10":{"line":137,"type":"if","locations":[{"start":{"line":137,"column":3},"end":{"line":137,"column":3}},{"start":{"line":137,"column":3},"end":{"line":137,"column":3}}]},"11":{"line":148,"type":"if","locations":[{"start":{"line":148,"column":6},"end":{"line":148,"column":6}},{"start":{"line":148,"column":6},"end":{"line":148,"column":6}}]},"12":{"line":175,"type":"if","locations":[{"start":{"line":175,"column":3},"end":{"line":175,"column":3}},{"start":{"line":175,"column":3},"end":{"line":175,"column":3}}]},"13":{"line":192,"type":"if","locations":[{"start":{"line":192,"column":4},"end":{"line":192,"column":4}},{"start":{"line":192,"column":4},"end":{"line":192,"column":4}}]}}},"C:\\Users\\Jonathan\\304CEM-API\\index.js":{"path":"C:\\Users\\Jonathan\\304CEM-API\\index.js","s":{"1":1,"2":1,"3":1,"4":1,"5":1,"6":1,"7":1,"8":1,"9":1,"10":1,"11":1,"12":0,"13":1,"14":1,"15":1,"16":1,"17":1,"18":1,"19":1,"20":1,"21":1,"22":1,"23":1,"24":1,"25":0,"26":1,"27":1,"28":1,"29":1,"30":1,"31":1,"32":1,"33":1,"34":1,"35":1,"36":1,"37":1,"38":1,"39":1,"40":1,"41":1,"42":1,"43":1,"44":1,"45":1,"46":1,"47":1,"48":1,"49":1,"50":1,"51":1,"52":1,"53":1,"54":1,"55":1,"56":1,"57":1,"58":1,"59":1,"60":1,"61":1,"62":1,"63":1,"64":1,"65":1,"66":1,"67":1,"68":1,"69":1,"70":1,"71":1,"72":1,"73":1,"74":1,"75":1},"b":{"1":[1,1],"2":[0,1]},"f":{"1":1,"2":1,"3":1,"4":1,"5":1,"6":1,"7":1,"8":1,"9":1,"10":1},"fnMap":{"1":{"name":"(anonymous_1)","line":16,"loc":{"start":{"line":16,"column":20},"end":{"line":16,"column":34}}},"2":{"name":"(anonymous_2)","line":46,"loc":{"start":{"line":46,"column":30},"end":{"line":46,"column":49}}},"3":{"name":"(anonymous_3)","line":55,"loc":{"start":{"line":55,"column":30},"end":{"line":55,"column":49}}},"4":{"name":"(anonymous_4)","line":64,"loc":{"start":{"line":64,"column":21},"end":{"line":64,"column":40}}},"5":{"name":"(anonymous_5)","line":73,"loc":{"start":{"line":73,"column":26},"end":{"line":73,"column":45}}},"6":{"name":"(anonymous_6)","line":88,"loc":{"start":{"line":88,"column":41},"end":{"line":88,"column":60}}},"7":{"name":"(anonymous_7)","line":99,"loc":{"start":{"line":99,"column":22},"end":{"line":99,"column":41}}},"8":{"name":"(anonymous_8)","line":110,"loc":{"start":{"line":110,"column":36},"end":{"line":110,"column":55}}},"9":{"name":"(anonymous_9)","line":121,"loc":{"start":{"line":121,"column":33},"end":{"line":121,"column":52}}},"10":{"name":"(anonymous_10)","line":133,"loc":{"start":{"line":133,"column":38},"end":{"line":133,"column":57}}}},"statementMap":{"1":{"start":{"line":3,"column":0},"end":{"line":3,"column":34}},"2":{"start":{"line":4,"column":0},"end":{"line":4,"column":37}},"3":{"start":{"line":5,"column":0},"end":{"line":5,"column":64}},"4":{"start":{"line":6,"column":0},"end":{"line":6,"column":64}},"5":{"start":{"line":7,"column":0},"end":{"line":7,"column":48}},"6":{"start":{"line":8,"column":0},"end":{"line":8,"column":40}},"7":{"start":{"line":9,"column":0},"end":{"line":9,"column":52}},"8":{"start":{"line":11,"column":0},"end":{"line":11,"column":24}},"9":{"start":{"line":15,"column":0},"end":{"line":15,"column":44}},"10":{"start":{"line":16,"column":0},"end":{"line":23,"column":1}},"11":{"start":{"line":17,"column":1},"end":{"line":21,"column":2}},"12":{"start":{"line":18,"column":2},"end":{"line":18,"column":20}},"13":{"start":{"line":20,"column":2},"end":{"line":20,"column":44}},"14":{"start":{"line":26,"column":0},"end":{"line":26,"column":32}},"15":{"start":{"line":30,"column":0},"end":{"line":35,"column":1}},"16":{"start":{"line":38,"column":0},"end":{"line":43,"column":2}},"17":{"start":{"line":46,"column":0},"end":{"line":52,"column":2}},"18":{"start":{"line":47,"column":1},"end":{"line":51,"column":3}},"19":{"start":{"line":48,"column":2},"end":{"line":50,"column":4}},"20":{"start":{"line":49,"column":3},"end":{"line":49,"column":21}},"21":{"start":{"line":55,"column":0},"end":{"line":62,"column":2}},"22":{"start":{"line":56,"column":1},"end":{"line":56,"column":34}},"23":{"start":{"line":57,"column":1},"end":{"line":61,"column":3}},"24":{"start":{"line":58,"column":2},"end":{"line":58,"column":20}},"25":{"start":{"line":60,"column":2},"end":{"line":60,"column":18}},"26":{"start":{"line":64,"column":0},"end":{"line":71,"column":2}},"27":{"start":{"line":65,"column":1},"end":{"line":65,"column":34}},"28":{"start":{"line":66,"column":1},"end":{"line":70,"column":3}},"29":{"start":{"line":67,"column":2},"end":{"line":69,"column":4}},"30":{"start":{"line":68,"column":3},"end":{"line":68,"column":28}},"31":{"start":{"line":73,"column":0},"end":{"line":86,"column":2}},"32":{"start":{"line":74,"column":1},"end":{"line":74,"column":34}},"33":{"start":{"line":75,"column":1},"end":{"line":85,"column":3}},"34":{"start":{"line":76,"column":2},"end":{"line":84,"column":4}},"35":{"start":{"line":77,"column":3},"end":{"line":83,"column":5}},"36":{"start":{"line":78,"column":4},"end":{"line":82,"column":6}},"37":{"start":{"line":79,"column":5},"end":{"line":81,"column":7}},"38":{"start":{"line":80,"column":6},"end":{"line":80,"column":22}},"39":{"start":{"line":88,"column":0},"end":{"line":97,"column":2}},"40":{"start":{"line":89,"column":1},"end":{"line":89,"column":33}},"41":{"start":{"line":90,"column":1},"end":{"line":96,"column":3}},"42":{"start":{"line":91,"column":2},"end":{"line":95,"column":4}},"43":{"start":{"line":92,"column":3},"end":{"line":92,"column":52}},"44":{"start":{"line":93,"column":3},"end":{"line":93,"column":32}},"45":{"start":{"line":94,"column":3},"end":{"line":94,"column":19}},"46":{"start":{"line":99,"column":0},"end":{"line":108,"column":2}},"47":{"start":{"line":100,"column":1},"end":{"line":100,"column":34}},"48":{"start":{"line":101,"column":1},"end":{"line":101,"column":31}},"49":{"start":{"line":102,"column":1},"end":{"line":102,"column":27}},"50":{"start":{"line":103,"column":1},"end":{"line":107,"column":3}},"51":{"start":{"line":104,"column":2},"end":{"line":106,"column":4}},"52":{"start":{"line":105,"column":3},"end":{"line":105,"column":27}},"53":{"start":{"line":110,"column":0},"end":{"line":117,"column":2}},"54":{"start":{"line":111,"column":1},"end":{"line":111,"column":37}},"55":{"start":{"line":112,"column":1},"end":{"line":112,"column":34}},"56":{"start":{"line":113,"column":1},"end":{"line":116,"column":3}},"57":{"start":{"line":114,"column":2},"end":{"line":114,"column":43}},"58":{"start":{"line":115,"column":2},"end":{"line":115,"column":30}},"59":{"start":{"line":121,"column":0},"end":{"line":129,"column":2}},"60":{"start":{"line":122,"column":1},"end":{"line":122,"column":33}},"61":{"start":{"line":123,"column":1},"end":{"line":128,"column":3}},"62":{"start":{"line":124,"column":2},"end":{"line":124,"column":51}},"63":{"start":{"line":125,"column":2},"end":{"line":125,"column":31}},"64":{"start":{"line":126,"column":2},"end":{"line":126,"column":18}},"65":{"start":{"line":127,"column":2},"end":{"line":127,"column":9}},"66":{"start":{"line":133,"column":0},"end":{"line":145,"column":2}},"67":{"start":{"line":134,"column":1},"end":{"line":134,"column":50}},"68":{"start":{"line":135,"column":1},"end":{"line":135,"column":30}},"69":{"start":{"line":136,"column":1},"end":{"line":136,"column":43}},"70":{"start":{"line":137,"column":1},"end":{"line":144,"column":3}},"71":{"start":{"line":138,"column":2},"end":{"line":143,"column":4}},"72":{"start":{"line":139,"column":3},"end":{"line":142,"column":5}},"73":{"start":{"line":140,"column":4},"end":{"line":140,"column":23}},"74":{"start":{"line":141,"column":4},"end":{"line":141,"column":11}},"75":{"start":{"line":148,"column":0},"end":{"line":148,"column":23}}},"branchMap":{"1":{"line":15,"type":"binary-expr","locations":[{"start":{"line":15,"column":13},"end":{"line":15,"column":29}},{"start":{"line":15,"column":33},"end":{"line":15,"column":44}}]},"2":{"line":17,"type":"if","locations":[{"start":{"line":17,"column":1},"end":{"line":17,"column":1}},{"start":{"line":17,"column":1},"end":{"line":17,"column":1}}]}}},"C:\\Users\\Jonathan\\304CEM-API\\Public\\Spoonacular API - Recipes.js":{"path":"C:\\Users\\Jonathan\\304CEM-API\\Public\\Spoonacular API - Recipes.js","s":{"1":1,"2":1,"3":1,"4":1,"5":3,"6":3,"7":3,"8":3,"9":15,"10":3,"11":3,"12":3,"13":1,"14":2,"15":2,"16":2,"17":2,"18":1,"19":16,"20":16,"21":16,"22":16,"23":1,"24":1,"25":1,"26":1,"27":15,"28":15,"29":1,"30":15,"31":1,"32":1,"33":1,"34":1,"35":15,"36":15,"37":75,"38":75,"39":75,"40":75,"41":15,"42":1},"b":{},"f":{"1":2,"2":16,"3":15,"4":1},"fnMap":{"1":{"name":"(anonymous_1)","line":51,"loc":{"start":{"line":51,"column":21},"end":{"line":51,"column":36}}},"2":{"name":"(anonymous_2)","line":67,"loc":{"start":{"line":67,"column":20},"end":{"line":67,"column":35}}},"3":{"name":"(anonymous_3)","line":102,"loc":{"start":{"line":102,"column":34},"end":{"line":102,"column":63}}},"4":{"name":"(anonymous_4)","line":112,"loc":{"start":{"line":112,"column":6},"end":{"line":112,"column":17}}}},"statementMap":{"1":{"start":{"line":3,"column":0},"end":{"line":3,"column":32}},"2":{"start":{"line":4,"column":0},"end":{"line":4,"column":84}},"3":{"start":{"line":5,"column":0},"end":{"line":5,"column":30}},"4":{"start":{"line":15,"column":0},"end":{"line":39,"column":1}},"5":{"start":{"line":18,"column":1},"end":{"line":24,"column":2}},"6":{"start":{"line":26,"column":1},"end":{"line":26,"column":35}},"7":{"start":{"line":28,"column":1},"end":{"line":28,"column":19}},"8":{"start":{"line":30,"column":1},"end":{"line":32,"column":2}},"9":{"start":{"line":31,"column":2},"end":{"line":31,"column":43}},"10":{"start":{"line":34,"column":1},"end":{"line":34,"column":32}},"11":{"start":{"line":36,"column":1},"end":{"line":36,"column":61}},"12":{"start":{"line":38,"column":1},"end":{"line":38,"column":18}},"13":{"start":{"line":43,"column":0},"end":{"line":55,"column":1}},"14":{"start":{"line":44,"column":1},"end":{"line":44,"column":40}},"15":{"start":{"line":45,"column":1},"end":{"line":54,"column":3}},"16":{"start":{"line":46,"column":2},"end":{"line":53,"column":4}},"17":{"start":{"line":52,"column":3},"end":{"line":52,"column":16}},"18":{"start":{"line":59,"column":0},"end":{"line":71,"column":1}},"19":{"start":{"line":60,"column":1},"end":{"line":60,"column":73}},"20":{"start":{"line":61,"column":1},"end":{"line":70,"column":3}},"21":{"start":{"line":62,"column":2},"end":{"line":69,"column":4}},"22":{"start":{"line":68,"column":3},"end":{"line":68,"column":16}},"23":{"start":{"line":78,"column":0},"end":{"line":93,"column":3}},"24":{"start":{"line":79,"column":1},"end":{"line":93,"column":3}},"25":{"start":{"line":80,"column":2},"end":{"line":84,"column":3}},"26":{"start":{"line":85,"column":2},"end":{"line":88,"column":3}},"27":{"start":{"line":86,"column":3},"end":{"line":86,"column":45}},"28":{"start":{"line":87,"column":3},"end":{"line":87,"column":40}},"29":{"start":{"line":89,"column":2},"end":{"line":91,"column":3}},"30":{"start":{"line":90,"column":3},"end":{"line":90,"column":38}},"31":{"start":{"line":92,"column":2},"end":{"line":92,"column":20}},"32":{"start":{"line":100,"column":0},"end":{"line":115,"column":4}},"33":{"start":{"line":101,"column":2},"end":{"line":115,"column":4}},"34":{"start":{"line":102,"column":3},"end":{"line":114,"column":5}},"35":{"start":{"line":103,"column":4},"end":{"line":111,"column":6}},"36":{"start":{"line":104,"column":5},"end":{"line":109,"column":6}},"37":{"start":{"line":105,"column":6},"end":{"line":105,"column":116}},"38":{"start":{"line":106,"column":6},"end":{"line":106,"column":118}},"39":{"start":{"line":107,"column":6},"end":{"line":107,"column":116}},"40":{"start":{"line":108,"column":6},"end":{"line":108,"column":116}},"41":{"start":{"line":110,"column":5},"end":{"line":110,"column":15}},"42":{"start":{"line":113,"column":4},"end":{"line":113,"column":22}}},"branchMap":{}},"C:\\Users\\Jonathan\\304CEM-API\\Public\\register.js":{"path":"C:\\Users\\Jonathan\\304CEM-API\\Public\\register.js","s":{"1":1,"2":1,"3":1,"4":1,"5":3,"6":3,"7":3,"8":3,"9":0,"10":3,"11":2,"12":1,"13":1,"14":4,"15":4,"16":2,"17":2,"18":1,"19":2,"20":2,"21":1,"22":1,"23":1,"24":1,"25":5,"26":5,"27":5,"28":5,"29":5,"30":0,"31":5,"32":5,"33":5,"34":0,"35":5,"36":3,"37":3,"38":3,"39":0,"40":0,"41":3,"42":2,"43":1,"44":4,"45":4,"46":4,"47":4,"48":0,"49":0,"50":4,"51":2,"52":2,"53":1,"54":3,"55":3,"56":3,"57":3,"58":0,"59":3,"60":1,"61":2,"62":2,"63":2,"64":0,"65":0,"66":2,"67":1,"68":4,"69":4,"70":4,"71":4,"72":0,"73":4},"b":{"1":[0,3],"2":[2,1],"3":[0,5],"4":[0,5],"5":[3,2],"6":[0,3],"7":[0,4],"8":[2,2],"9":[0,3],"10":[1,2],"11":[0,2],"12":[0,4]},"f":{"1":3,"2":5,"3":5,"4":3,"5":4,"6":3,"7":2,"8":4},"fnMap":{"1":{"name":"(anonymous_1)","line":25,"loc":{"start":{"line":25,"column":20},"end":{"line":25,"column":42}}},"2":{"name":"(anonymous_2)","line":78,"loc":{"start":{"line":78,"column":33},"end":{"line":78,"column":55}}},"3":{"name":"(anonymous_3)","line":84,"loc":{"start":{"line":84,"column":26},"end":{"line":84,"column":48}}},"4":{"name":"(anonymous_4)","line":90,"loc":{"start":{"line":90,"column":24},"end":{"line":90,"column":38}}},"5":{"name":"(anonymous_5)","line":115,"loc":{"start":{"line":115,"column":21},"end":{"line":115,"column":43}}},"6":{"name":"(anonymous_6)","line":137,"loc":{"start":{"line":137,"column":25},"end":{"line":137,"column":47}}},"7":{"name":"(anonymous_7)","line":145,"loc":{"start":{"line":145,"column":22},"end":{"line":145,"column":36}}},"8":{"name":"(anonymous_8)","line":165,"loc":{"start":{"line":165,"column":21},"end":{"line":165,"column":35}}}},"statementMap":{"1":{"start":{"line":2,"column":0},"end":{"line":2,"column":32}},"2":{"start":{"line":3,"column":0},"end":{"line":3,"column":28}},"3":{"start":{"line":7,"column":0},"end":{"line":14,"column":2}},"4":{"start":{"line":22,"column":0},"end":{"line":35,"column":3}},"5":{"start":{"line":23,"column":1},"end":{"line":35,"column":3}},"6":{"start":{"line":24,"column":2},"end":{"line":24,"column":69}},"7":{"start":{"line":25,"column":2},"end":{"line":34,"column":4}},"8":{"start":{"line":26,"column":3},"end":{"line":28,"column":4}},"9":{"start":{"line":27,"column":4},"end":{"line":27,"column":15}},"10":{"start":{"line":29,"column":3},"end":{"line":33,"column":4}},"11":{"start":{"line":30,"column":4},"end":{"line":30,"column":13}},"12":{"start":{"line":32,"column":4},"end":{"line":32,"column":33}},"13":{"start":{"line":42,"column":0},"end":{"line":49,"column":3}},"14":{"start":{"line":43,"column":1},"end":{"line":49,"column":3}},"15":{"start":{"line":44,"column":2},"end":{"line":48,"column":4}},"16":{"start":{"line":45,"column":3},"end":{"line":45,"column":24}},"17":{"start":{"line":47,"column":3},"end":{"line":47,"column":36}},"18":{"start":{"line":58,"column":0},"end":{"line":67,"column":3}},"19":{"start":{"line":59,"column":1},"end":{"line":67,"column":3}},"20":{"start":{"line":60,"column":2},"end":{"line":66,"column":4}},"21":{"start":{"line":61,"column":3},"end":{"line":63,"column":5}},"22":{"start":{"line":62,"column":4},"end":{"line":62,"column":28}},"23":{"start":{"line":65,"column":3},"end":{"line":65,"column":39}},"24":{"start":{"line":75,"column":0},"end":{"line":104,"column":3}},"25":{"start":{"line":76,"column":1},"end":{"line":104,"column":3}},"26":{"start":{"line":77,"column":2},"end":{"line":77,"column":23}},"27":{"start":{"line":78,"column":2},"end":{"line":103,"column":4}},"28":{"start":{"line":79,"column":3},"end":{"line":79,"column":38}},"29":{"start":{"line":80,"column":3},"end":{"line":102,"column":4}},"30":{"start":{"line":81,"column":4},"end":{"line":81,"column":15}},"31":{"start":{"line":83,"column":4},"end":{"line":83,"column":75}},"32":{"start":{"line":84,"column":4},"end":{"line":101,"column":6}},"33":{"start":{"line":85,"column":5},"end":{"line":87,"column":6}},"34":{"start":{"line":86,"column":6},"end":{"line":86,"column":17}},"35":{"start":{"line":88,"column":5},"end":{"line":100,"column":6}},"36":{"start":{"line":89,"column":6},"end":{"line":89,"column":86}},"37":{"start":{"line":90,"column":6},"end":{"line":97,"column":8}},"38":{"start":{"line":91,"column":7},"end":{"line":96,"column":8}},"39":{"start":{"line":92,"column":8},"end":{"line":92,"column":24}},"40":{"start":{"line":93,"column":8},"end":{"line":93,"column":19}},"41":{"start":{"line":95,"column":8},"end":{"line":95,"column":21}},"42":{"start":{"line":99,"column":6},"end":{"line":99,"column":39}},"43":{"start":{"line":112,"column":0},"end":{"line":126,"column":4}},"44":{"start":{"line":113,"column":2},"end":{"line":126,"column":4}},"45":{"start":{"line":114,"column":3},"end":{"line":114,"column":72}},"46":{"start":{"line":115,"column":3},"end":{"line":125,"column":5}},"47":{"start":{"line":116,"column":4},"end":{"line":119,"column":5}},"48":{"start":{"line":117,"column":5},"end":{"line":117,"column":21}},"49":{"start":{"line":118,"column":5},"end":{"line":118,"column":13}},"50":{"start":{"line":120,"column":4},"end":{"line":124,"column":5}},"51":{"start":{"line":121,"column":5},"end":{"line":121,"column":14}},"52":{"start":{"line":123,"column":5},"end":{"line":123,"column":13}},"53":{"start":{"line":134,"column":0},"end":{"line":155,"column":3}},"54":{"start":{"line":135,"column":1},"end":{"line":155,"column":3}},"55":{"start":{"line":136,"column":2},"end":{"line":136,"column":74}},"56":{"start":{"line":137,"column":2},"end":{"line":154,"column":4}},"57":{"start":{"line":138,"column":3},"end":{"line":140,"column":4}},"58":{"start":{"line":139,"column":4},"end":{"line":139,"column":15}},"59":{"start":{"line":141,"column":3},"end":{"line":153,"column":4}},"60":{"start":{"line":142,"column":4},"end":{"line":142,"column":38}},"61":{"start":{"line":144,"column":4},"end":{"line":144,"column":82}},"62":{"start":{"line":145,"column":4},"end":{"line":152,"column":6}},"63":{"start":{"line":146,"column":5},"end":{"line":151,"column":6}},"64":{"start":{"line":147,"column":6},"end":{"line":147,"column":22}},"65":{"start":{"line":148,"column":6},"end":{"line":148,"column":14}},"66":{"start":{"line":150,"column":6},"end":{"line":150,"column":15}},"67":{"start":{"line":162,"column":0},"end":{"line":172,"column":4}},"68":{"start":{"line":163,"column":2},"end":{"line":172,"column":4}},"69":{"start":{"line":164,"column":3},"end":{"line":164,"column":61}},"70":{"start":{"line":165,"column":3},"end":{"line":171,"column":5}},"71":{"start":{"line":166,"column":4},"end":{"line":170,"column":5}},"72":{"start":{"line":167,"column":5},"end":{"line":167,"column":17}},"73":{"start":{"line":169,"column":5},"end":{"line":169,"column":14}}},"branchMap":{"1":{"line":26,"type":"if","locations":[{"start":{"line":26,"column":3},"end":{"line":26,"column":3}},{"start":{"line":26,"column":3},"end":{"line":26,"column":3}}]},"2":{"line":29,"type":"if","locations":[{"start":{"line":29,"column":3},"end":{"line":29,"column":3}},{"start":{"line":29,"column":3},"end":{"line":29,"column":3}}]},"3":{"line":80,"type":"if","locations":[{"start":{"line":80,"column":3},"end":{"line":80,"column":3}},{"start":{"line":80,"column":3},"end":{"line":80,"column":3}}]},"4":{"line":85,"type":"if","locations":[{"start":{"line":85,"column":5},"end":{"line":85,"column":5}},{"start":{"line":85,"column":5},"end":{"line":85,"column":5}}]},"5":{"line":88,"type":"if","locations":[{"start":{"line":88,"column":5},"end":{"line":88,"column":5}},{"start":{"line":88,"column":5},"end":{"line":88,"column":5}}]},"6":{"line":91,"type":"if","locations":[{"start":{"line":91,"column":7},"end":{"line":91,"column":7}},{"start":{"line":91,"column":7},"end":{"line":91,"column":7}}]},"7":{"line":116,"type":"if","locations":[{"start":{"line":116,"column":4},"end":{"line":116,"column":4}},{"start":{"line":116,"column":4},"end":{"line":116,"column":4}}]},"8":{"line":120,"type":"if","locations":[{"start":{"line":120,"column":4},"end":{"line":120,"column":4}},{"start":{"line":120,"column":4},"end":{"line":120,"column":4}}]},"9":{"line":138,"type":"if","locations":[{"start":{"line":138,"column":3},"end":{"line":138,"column":3}},{"start":{"line":138,"column":3},"end":{"line":138,"column":3}}]},"10":{"line":141,"type":"if","locations":[{"start":{"line":141,"column":3},"end":{"line":141,"column":3}},{"start":{"line":141,"column":3},"end":{"line":141,"column":3}}]},"11":{"line":146,"type":"if","locations":[{"start":{"line":146,"column":5},"end":{"line":146,"column":5}},{"start":{"line":146,"column":5},"end":{"line":146,"column":5}}]},"12":{"line":166,"type":"if","locations":[{"start":{"line":166,"column":4},"end":{"line":166,"column":4}},{"start":{"line":166,"column":4},"end":{"line":166,"column":4}}]}}}}