TN:
SF:C:\Users\Jonathan\304CEM-API\Public\auth.js
FN:54,(anonymous_1)
FNF:1
FNH:1
FNDA:2,(anonymous_1)
DA:3,1
DA:4,1
DA:8,1
DA:17,1
DA:18,4
DA:19,4
DA:20,4
DA:21,4
DA:22,0
DA:24,4
DA:25,3
DA:27,1
DA:32,1
DA:33,4
DA:34,4
DA:35,4
DA:36,4
DA:37,4
DA:38,0
DA:39,4
DA:40,2
DA:42,2
DA:43,1
DA:45,1
DA:51,1
DA:52,2
DA:53,2
DA:54,2
DA:55,2
DA:56,0
DA:58,2
DA:59,2
DA:60,2
DA:61,2
DA:62,0
DA:64,2
DA:65,1
DA:68,1
DA:69,1
DA:70,1
DA:71,1
DA:72,0
DA:74,1
LF:43
LH:38
BRDA:21,1,0,0
BRDA:21,1,1,4
BRDA:24,2,0,3
BRDA:24,2,1,1
BRDA:37,3,0,0
BRDA:37,3,1,4
BRDA:39,4,0,2
BRDA:39,4,1,2
BRDA:42,5,0,1
BRDA:42,5,1,1
BRDA:55,6,0,0
BRDA:55,6,1,2
BRDA:61,7,0,0
BRDA:61,7,1,2
BRDA:64,8,0,1
BRDA:64,8,1,1
BRDA:71,9,0,0
BRDA:71,9,1,1
BRF:18
BRH:13
end_of_record
TN:
SF:C:\Users\Jonathan\304CEM-API\Public\FatSecret API - Nutrition.js
FN:79,(anonymous_1)
FNF:1
FNH:1
FNDA:1,(anonymous_1)
DA:3,1
DA:4,1
DA:5,1
DA:6,1
DA:7,1
DA:16,1
DA:18,2
DA:26,2
DA:39,2
DA:44,2
DA:46,2
DA:47,18
DA:52,2
DA:56,2
DA:61,2
DA:65,2
DA:67,2
DA:74,1
DA:75,1
DA:76,1
DA:77,1
DA:80,1
LF:22
LH:22
BRF:0
BRH:0
end_of_record
TN:
SF:C:\Users\Jonathan\304CEM-API\Public\Favourites.js
FN:20,(anonymous_1)
FN:34,(anonymous_2)
FN:50,(anonymous_3)
FN:63,(anonymous_4)
FN:86,(anonymous_5)
FN:103,(anonymous_6)
FN:112,(anonymous_7)
FN:114,(anonymous_8)
FN:125,(anonymous_9)
FN:135,(anonymous_10)
FNF:10
FNH:10
FNDA:2,(anonymous_1)
FNDA:2,(anonymous_2)
FNDA:1,(anonymous_3)
FNDA:2,(anonymous_4)
FNDA:1,(anonymous_5)
FNDA:2,(anonymous_6)
FNDA:18,(anonymous_7)
FNDA:18,(anonymous_8)
FNDA:2,(anonymous_9)
FNDA:1,(anonymous_10)
DA:3,1
DA:4,1
DA:8,1
DA:17,1
DA:18,2
DA:19,2
DA:20,2
DA:21,2
DA:22,0
DA:23,2
DA:24,1
DA:26,1
DA:31,1
DA:32,2
DA:33,2
DA:34,2
DA:35,2
DA:36,0
DA:38,2
DA:39,22
DA:40,1
DA:43,2
DA:47,1
DA:48,1
DA:49,1
DA:50,1
DA:51,1
DA:52,0
DA:54,1
DA:60,1
DA:61,2
DA:62,2
DA:63,2
DA:64,2
DA:65,0
DA:67,2
DA:68,2
DA:69,18
DA:70,6
DA:73,2
DA:74,1
DA:76,1
DA:81,1
DA:82,1
DA:83,1
DA:84,1
DA:86,1
DA:87,1
DA:88,0
DA:90,1
DA:96,1
DA:97,2
DA:98,2
DA:102,2
DA:103,2
DA:104,2
DA:105,0
DA:106,0
DA:108,2
DA:109,18
DA:110,18
DA:112,2
DA:113,18
DA:114,18
DA:115,18
DA:116,0
DA:117,0
DA:119,18
DA:120,12
DA:122,18
DA:126,2
DA:132,1
DA:133,1
DA:134,1
DA:135,1
DA:136,1
DA:137,0
DA:139,1
LF:78
LH:68
BRDA:21,1,0,0
BRDA:21,1,1,2
BRDA:23,2,0,1
BRDA:23,2,1,1
BRDA:35,3,0,0
BRDA:35,3,1,2
BRDA:39,4,0,1
BRDA:39,4,1,21
BRDA:51,5,0,0
BRDA:51,5,1,1
BRDA:64,6,0,0
BRDA:64,6,1,2
BRDA:69,7,0,6
BRDA:69,7,1,12
BRDA:73,8,0,1
BRDA:73,8,1,1
BRDA:87,9,0,0
BRDA:87,9,1,1
BRDA:104,10,0,0
BRDA:104,10,1,2
BRDA:115,11,0,0
BRDA:115,11,1,18
BRDA:136,12,0,0
BRDA:136,12,1,1
BRF:24
BRH:16
end_of_record
TN:
SF:C:\Users\Jonathan\304CEM-API\Public\Spoonacular API - Recipes.js
FN:50,(anonymous_1)
FN:66,(anonymous_2)
FNF:2
FNH:2
FNDA:1,(anonymous_1)
FNDA:1,(anonymous_2)
DA:3,1
DA:4,1
DA:14,1
DA:17,2
DA:25,2
DA:27,2
DA:29,2
DA:30,10
DA:33,2
DA:35,2
DA:37,2
DA:42,1
DA:43,1
DA:44,1
DA:45,1
DA:51,1
DA:58,1
DA:59,1
DA:60,1
DA:61,1
DA:67,1
LF:21
LH:21
BRF:0
BRH:0
end_of_record
