TN:
SF:C:\Users\Jonathan\304CEM-API\Public\auth.js
FN:72,(anonymous_1)
FNF:1
FNH:1
FNDA:3,(anonymous_1)
DA:3,1
DA:4,1
DA:8,1
DA:22,1
DA:23,5
DA:24,5
DA:25,5
DA:26,5
DA:27,0
DA:29,5
DA:30,3
DA:32,2
DA:44,1
DA:45,5
DA:46,5
DA:47,5
DA:48,5
DA:49,5
DA:50,0
DA:51,5
DA:52,2
DA:54,3
DA:55,1
DA:57,2
DA:69,1
DA:70,3
DA:71,3
DA:72,3
DA:73,3
DA:74,0
DA:76,3
DA:77,3
DA:78,3
DA:79,3
DA:80,0
DA:82,3
DA:83,1
DA:85,2
DA:86,2
DA:87,2
DA:88,2
DA:89,0
DA:91,2
LF:43
LH:38
BRDA:26,1,0,0
BRDA:26,1,1,5
BRDA:29,2,0,3
BRDA:29,2,1,2
BRDA:49,3,0,0
BRDA:49,3,1,5
BRDA:51,4,0,2
BRDA:51,4,1,3
BRDA:54,5,0,1
BRDA:54,5,1,2
BRDA:73,6,0,0
BRDA:73,6,1,3
BRDA:79,7,0,0
BRDA:79,7,1,3
BRDA:82,8,0,1
BRDA:82,8,1,2
BRDA:88,9,0,0
BRDA:88,9,1,2
BRF:18
BRH:13
end_of_record
TN:
SF:C:\Users\Jonathan\304CEM-API\Public\FatSecret API - Nutrition.js
FN:84,(anonymous_1)
FNF:1
FNH:1
FNDA:2,(anonymous_1)
DA:3,1
DA:4,1
DA:5,1
DA:6,1
DA:7,1
DA:16,1
DA:18,3
DA:26,3
DA:39,3
DA:44,3
DA:46,3
DA:47,27
DA:52,3
DA:56,3
DA:61,3
DA:65,3
DA:67,3
DA:79,1
DA:80,2
DA:81,2
DA:82,2
DA:85,2
LF:22
LH:22
BRF:0
BRH:0
end_of_record
TN:
SF:C:\Users\Jonathan\304CEM-API\Public\Favourites.js
FN:25,(anonymous_1)
FN:45,(anonymous_2)
FN:68,(anonymous_3)
FN:85,(anonymous_4)
FN:114,(anonymous_5)
FN:136,(anonymous_6)
FN:145,(anonymous_7)
FN:147,(anonymous_8)
FN:158,(anonymous_9)
FN:174,(anonymous_10)
FN:191,(anonymous_11)
FNF:11
FNH:11
FNDA:6,(anonymous_1)
FNDA:3,(anonymous_2)
FNDA:2,(anonymous_3)
FNDA:3,(anonymous_4)
FNDA:2,(anonymous_5)
FNDA:3,(anonymous_6)
FNDA:4,(anonymous_7)
FNDA:4,(anonymous_8)
FNDA:3,(anonymous_9)
FNDA:2,(anonymous_10)
FNDA:1,(anonymous_11)
DA:3,1
DA:4,1
DA:8,1
DA:22,1
DA:23,6
DA:24,6
DA:25,6
DA:26,6
DA:27,0
DA:28,6
DA:29,1
DA:31,5
DA:42,1
DA:43,3
DA:44,3
DA:45,3
DA:46,3
DA:47,0
DA:49,3
DA:50,2
DA:51,1
DA:54,3
DA:65,1
DA:66,2
DA:67,2
DA:68,2
DA:69,2
DA:70,0
DA:72,2
DA:82,1
DA:83,3
DA:84,3
DA:85,3
DA:86,3
DA:87,0
DA:89,3
DA:90,3
DA:91,32
DA:92,6
DA:95,3
DA:96,1
DA:98,2
DA:109,1
DA:110,2
DA:111,2
DA:112,2
DA:114,2
DA:115,2
DA:116,0
DA:118,2
DA:129,1
DA:130,3
DA:131,3
DA:135,3
DA:136,3
DA:137,3
DA:138,0
DA:139,0
DA:141,3
DA:142,4
DA:143,4
DA:145,3
DA:146,4
DA:147,4
DA:148,4
DA:149,0
DA:150,0
DA:152,4
DA:153,12
DA:155,4
DA:159,3
DA:171,1
DA:172,2
DA:173,2
DA:174,2
DA:175,2
DA:176,0
DA:178,2
DA:188,1
DA:189,1
DA:190,1
DA:191,1
DA:192,1
DA:193,0
DA:195,1
LF:85
LH:74
BRDA:26,1,0,0
BRDA:26,1,1,6
BRDA:28,2,0,1
BRDA:28,2,1,5
BRDA:46,3,0,0
BRDA:46,3,1,3
BRDA:50,4,0,1
BRDA:50,4,1,1
BRDA:69,5,0,0
BRDA:69,5,1,2
BRDA:86,6,0,0
BRDA:86,6,1,3
BRDA:91,7,0,6
BRDA:91,7,1,26
BRDA:95,8,0,1
BRDA:95,8,1,2
BRDA:115,9,0,0
BRDA:115,9,1,2
BRDA:137,10,0,0
BRDA:137,10,1,3
BRDA:148,11,0,0
BRDA:148,11,1,4
BRDA:175,12,0,0
BRDA:175,12,1,2
BRDA:192,13,0,0
BRDA:192,13,1,1
BRF:26
BRH:17
end_of_record
TN:
SF:C:\Users\Jonathan\304CEM-API\index.js
FN:16,(anonymous_1)
FN:46,(anonymous_2)
FN:55,(anonymous_3)
FN:64,(anonymous_4)
FN:73,(anonymous_5)
FN:88,(anonymous_6)
FN:99,(anonymous_7)
FN:110,(anonymous_8)
FN:121,(anonymous_9)
FN:133,(anonymous_10)
FNF:10
FNH:10
FNDA:1,(anonymous_1)
FNDA:1,(anonymous_2)
FNDA:1,(anonymous_3)
FNDA:1,(anonymous_4)
FNDA:1,(anonymous_5)
FNDA:1,(anonymous_6)
FNDA:1,(anonymous_7)
FNDA:1,(anonymous_8)
FNDA:1,(anonymous_9)
FNDA:1,(anonymous_10)
DA:3,1
DA:4,1
DA:5,1
DA:6,1
DA:7,1
DA:8,1
DA:9,1
DA:11,1
DA:15,1
DA:16,1
DA:17,1
DA:18,0
DA:20,1
DA:26,1
DA:30,1
DA:38,1
DA:46,1
DA:47,1
DA:48,1
DA:49,1
DA:55,1
DA:56,1
DA:57,1
DA:58,1
DA:60,0
DA:64,1
DA:65,1
DA:66,1
DA:67,1
DA:68,1
DA:73,1
DA:74,1
DA:75,1
DA:76,1
DA:77,1
DA:78,1
DA:79,1
DA:80,1
DA:88,1
DA:89,1
DA:90,1
DA:91,1
DA:92,1
DA:93,1
DA:94,1
DA:99,1
DA:100,1
DA:101,1
DA:102,1
DA:103,1
DA:104,1
DA:105,1
DA:110,1
DA:111,1
DA:112,1
DA:113,1
DA:114,1
DA:115,1
DA:121,1
DA:122,1
DA:123,1
DA:124,1
DA:125,1
DA:126,1
DA:127,1
DA:133,1
DA:134,1
DA:135,1
DA:136,1
DA:137,1
DA:138,1
DA:139,1
DA:140,1
DA:141,1
DA:148,1
LF:75
LH:73
BRDA:15,1,0,1
BRDA:15,1,1,1
BRDA:17,2,0,0
BRDA:17,2,1,1
BRF:4
BRH:3
end_of_record
TN:
SF:C:\Users\Jonathan\304CEM-API\Public\Spoonacular API - Recipes.js
FN:51,(anonymous_1)
FN:67,(anonymous_2)
FN:102,(anonymous_3)
FN:112,(anonymous_4)
FNF:4
FNH:4
FNDA:2,(anonymous_1)
FNDA:16,(anonymous_2)
FNDA:15,(anonymous_3)
FNDA:1,(anonymous_4)
DA:3,1
DA:4,1
DA:5,1
DA:15,1
DA:18,3
DA:26,3
DA:28,3
DA:30,3
DA:31,15
DA:34,3
DA:36,3
DA:38,3
DA:43,1
DA:44,2
DA:45,2
DA:46,2
DA:52,2
DA:59,1
DA:60,16
DA:61,16
DA:62,16
DA:68,16
DA:78,1
DA:79,1
DA:80,1
DA:85,1
DA:86,15
DA:87,15
DA:89,1
DA:90,15
DA:92,1
DA:100,1
DA:101,1
DA:102,1
DA:103,15
DA:104,15
DA:105,75
DA:106,75
DA:107,75
DA:108,75
DA:110,15
DA:113,1
LF:42
LH:42
BRF:0
BRH:0
end_of_record
TN:
SF:C:\Users\Jonathan\304CEM-API\Public\register.js
FN:25,(anonymous_1)
FN:78,(anonymous_2)
FN:84,(anonymous_3)
FN:90,(anonymous_4)
FN:115,(anonymous_5)
FN:137,(anonymous_6)
FN:145,(anonymous_7)
FN:165,(anonymous_8)
FNF:8
FNH:8
FNDA:3,(anonymous_1)
FNDA:5,(anonymous_2)
FNDA:5,(anonymous_3)
FNDA:3,(anonymous_4)
FNDA:4,(anonymous_5)
FNDA:3,(anonymous_6)
FNDA:2,(anonymous_7)
FNDA:4,(anonymous_8)
DA:2,1
DA:3,1
DA:7,1
DA:22,1
DA:23,3
DA:24,3
DA:25,3
DA:26,3
DA:27,0
DA:29,3
DA:30,2
DA:32,1
DA:42,1
DA:43,4
DA:44,4
DA:45,2
DA:47,2
DA:58,1
DA:59,2
DA:60,2
DA:61,1
DA:62,1
DA:65,1
DA:75,1
DA:76,5
DA:77,5
DA:78,5
DA:79,5
DA:80,5
DA:81,0
DA:83,5
DA:84,5
DA:85,5
DA:86,0
DA:88,5
DA:89,3
DA:90,3
DA:91,3
DA:92,0
DA:93,0
DA:95,3
DA:99,2
DA:112,1
DA:113,4
DA:114,4
DA:115,4
DA:116,4
DA:117,0
DA:118,0
DA:120,4
DA:121,2
DA:123,2
DA:134,1
DA:135,3
DA:136,3
DA:137,3
DA:138,3
DA:139,0
DA:141,3
DA:142,1
DA:144,2
DA:145,2
DA:146,2
DA:147,0
DA:148,0
DA:150,2
DA:162,1
DA:163,4
DA:164,4
DA:165,4
DA:166,4
DA:167,0
DA:169,4
LF:73
LH:62
BRDA:26,1,0,0
BRDA:26,1,1,3
BRDA:29,2,0,2
BRDA:29,2,1,1
BRDA:80,3,0,0
BRDA:80,3,1,5
BRDA:85,4,0,0
BRDA:85,4,1,5
BRDA:88,5,0,3
BRDA:88,5,1,2
BRDA:91,6,0,0
BRDA:91,6,1,3
BRDA:116,7,0,0
BRDA:116,7,1,4
BRDA:120,8,0,2
BRDA:120,8,1,2
BRDA:138,9,0,0
BRDA:138,9,1,3
BRDA:141,10,0,1
BRDA:141,10,1,2
BRDA:146,11,0,0
BRDA:146,11,1,2
BRDA:166,12,0,0
BRDA:166,12,1,4
BRF:24
BRH:16
end_of_record
